<?xml version="1.0" encoding="UTF-8"?>
<testsuites name="Parkin" time="30" tests="5" failures="1" errors="0">
   <testsuite name="Parkin" tests="5" failures="1" errors="0" time="30" timestamp="2018-05-22 03:14:43" hostname="Mikolaj - 192.168.0.13" id="Test Suites/Parkin">
      <properties>
         <property name="deviceName" value=""/>
         <property name="devicePlatform" value=""/>
         <property name="logFolder" value="C:\\Users\\Mikolaj\\Katalon Studio\\parkinTests\\Reports\\Parkin\\20180522_031442"/>
         <property name="logFiles" value="C:\\Users\\Mikolaj\\Katalon Studio\\parkinTests\\Reports\\Parkin\\20180522_031442\\execution0.log"/>
         <property name="attachments" value="C:\\Users\\Mikolaj\\Katalon Studio\\parkinTests\\Reports\\Parkin\\20180522_031442\\1526951701100.png"/>
         <property name="hostName" value="Mikolaj - 192.168.0.13"/>
         <property name="os" value="Windows 10 64bit"/>
         <property name="katalonVersion" value="5.4.1.1"/>
         <property name="browser" value="Chrome 66.0.3359.181"/>
         <property name="hostAddress" value="192.168.0.13"/>
         <property name="sessionId" value="969de44199bd7c5453cdb0418c6acad7"/>
         <property name="seleniumVersion" value="3.7.1"/>
         <property name="proxyInformation" value="ProxyInformation{proxyOption=NO_PROXY, proxyServerType=HTTP, password=, proxyServerAddress=, proxyServerPort=0}"/>
         <property name="platform" value="Windows 10"/>
      </properties>
      <testcase name="Test Cases/givenStartingPageShouldBeAbleToChangeTariff" classname="Test Cases/givenStartingPageShouldBeAbleToChangeTariff" status="PASSED">
         <system-out><![CDATA[2018-05-22 03:14:43 - [TEST_CASE][PASSED] - Test Cases/givenStartingPageShouldBeAbleToChangeTariff: Test Cases/givenStartingPageShouldBeAbleToChangeTariff

2018-05-22 03:14:44 - [TEST_STEP][PASSED] - openBrowser: Browser is opened with url: ''

2018-05-22 03:14:46 - [MESSAGE][PASSED] - Browser is opened with url: ''

2018-05-22 03:14:46 - [TEST_STEP][PASSED] - navigateToUrl: Navigate to 'http://localhost:8080/' successfully

2018-05-22 03:14:47 - [MESSAGE][PASSED] - Navigate to 'http://localhost:8080/' successfully

2018-05-22 03:14:47 - [TEST_STEP][PASSED] - click: Object: 'Object Repository/tariffChange/Page_ParkIN  home/a_Tariff' is clicked on

2018-05-22 03:14:48 - [MESSAGE][PASSED] - Object: 'Object Repository/tariffChange/Page_ParkIN  home/a_Tariff' is clicked on

2018-05-22 03:14:48 - [TEST_STEP][PASSED] - click: Object: 'Object Repository/tariffChange/Page_ParkIN  tariff/span_Basic fee' is clicked on

2018-05-22 03:14:48 - [MESSAGE][PASSED] - Object: 'Object Repository/tariffChange/Page_ParkIN  tariff/span_Basic fee' is clicked on

2018-05-22 03:14:48 - [TEST_STEP][PASSED] - setText: Text '12' is set on object 'Object Repository/tariffChange/Page_ParkIN  tariff/input_basicFee'

2018-05-22 03:14:48 - [MESSAGE][PASSED] - Text '12' is set on object 'Object Repository/tariffChange/Page_ParkIN  tariff/input_basicFee'

2018-05-22 03:14:48 - [TEST_STEP][PASSED] - click: Object: 'Object Repository/tariffChange/Page_ParkIN  tariff/span_Basic period' is clicked on

2018-05-22 03:14:48 - [MESSAGE][PASSED] - Object: 'Object Repository/tariffChange/Page_ParkIN  tariff/span_Basic period' is clicked on

2018-05-22 03:14:48 - [TEST_STEP][PASSED] - setText: Text '3' is set on object 'Object Repository/tariffChange/Page_ParkIN  tariff/input_basicPeriod'

2018-05-22 03:14:48 - [MESSAGE][PASSED] - Text '3' is set on object 'Object Repository/tariffChange/Page_ParkIN  tariff/input_basicPeriod'

2018-05-22 03:14:48 - [TEST_STEP][PASSED] - click: Object: 'Object Repository/tariffChange/Page_ParkIN  tariff/span_Extended time fee' is clicked on

2018-05-22 03:14:48 - [MESSAGE][PASSED] - Object: 'Object Repository/tariffChange/Page_ParkIN  tariff/span_Extended time fee' is clicked on

2018-05-22 03:14:48 - [TEST_STEP][PASSED] - setText: Text '43' is set on object 'Object Repository/tariffChange/Page_ParkIN  tariff/input_extendedFee'

2018-05-22 03:14:48 - [MESSAGE][PASSED] - Text '43' is set on object 'Object Repository/tariffChange/Page_ParkIN  tariff/input_extendedFee'

2018-05-22 03:14:48 - [TEST_STEP][PASSED] - click: Object: 'Object Repository/tariffChange/Page_ParkIN  tariff/button_Submit changes' is clicked on

2018-05-22 03:14:48 - [MESSAGE][PASSED] - Object: 'Object Repository/tariffChange/Page_ParkIN  tariff/button_Submit changes' is clicked on

2018-05-22 03:14:48 - [TEST_STEP][PASSED] - click: Object: 'Object Repository/tariffChange/Page_ParkIN  tariff/span_Tariff successfully updat' is clicked on

2018-05-22 03:14:49 - [MESSAGE][PASSED] - Object: 'Object Repository/tariffChange/Page_ParkIN  tariff/span_Tariff successfully updat' is clicked on

2018-05-22 03:14:49 - [TEST_STEP][PASSED] - closeBrowser: Browser is closed

2018-05-22 03:14:50 - [MESSAGE][PASSED] - Browser is closed]]></system-out>
         <system-err><![CDATA[]]></system-err>
      </testcase>
      <testcase name="Test Cases/givenStartingPageShouldBeAbleToGoToStatistics" classname="Test Cases/givenStartingPageShouldBeAbleToGoToStatistics" status="PASSED">
         <system-out><![CDATA[2018-05-22 03:14:50 - [TEST_CASE][PASSED] - Test Cases/givenStartingPageShouldBeAbleToGoToStatistics: Test Cases/givenStartingPageShouldBeAbleToGoToStatistics

2018-05-22 03:14:50 - [TEST_STEP][PASSED] - openBrowser: Browser is opened with url: ''

2018-05-22 03:14:52 - [MESSAGE][PASSED] - Browser is opened with url: ''

2018-05-22 03:14:52 - [TEST_STEP][PASSED] - navigateToUrl: Navigate to 'http://localhost:8080/' successfully

2018-05-22 03:14:53 - [MESSAGE][PASSED] - Navigate to 'http://localhost:8080/' successfully

2018-05-22 03:14:53 - [TEST_STEP][PASSED] - click: Object: 'Object Repository/navigatingToStatistics/Page_ParkIN  home/a_Statistics' is clicked on

2018-05-22 03:14:53 - [MESSAGE][PASSED] - Object: 'Object Repository/navigatingToStatistics/Page_ParkIN  home/a_Statistics' is clicked on

2018-05-22 03:14:53 - [TEST_STEP][PASSED] - closeBrowser: Browser is closed

2018-05-22 03:14:53 - [MESSAGE][PASSED] - Browser is closed]]></system-out>
         <system-err><![CDATA[]]></system-err>
      </testcase>
      <testcase name="Test Cases/givenStartingPageShouldBeAbleToRegisterACarAndSeeConfirmation" classname="Test Cases/givenStartingPageShouldBeAbleToRegisterACarAndSeeConfirmation" status="PASSED">
         <system-out><![CDATA[2018-05-22 03:14:53 - [TEST_CASE][PASSED] - Test Cases/givenStartingPageShouldBeAbleToRegisterACarAndSeeConfirmation: Test Cases/givenStartingPageShouldBeAbleToRegisterACarAndSeeConfirmation

2018-05-22 03:14:54 - [TEST_STEP][PASSED] - openBrowser: Browser is opened with url: ''

2018-05-22 03:14:55 - [MESSAGE][PASSED] - Browser is opened with url: ''

2018-05-22 03:14:55 - [TEST_STEP][PASSED] - navigateToUrl: Navigate to 'http://localhost:8080/' successfully

2018-05-22 03:14:56 - [MESSAGE][PASSED] - Navigate to 'http://localhost:8080/' successfully

2018-05-22 03:14:56 - [TEST_STEP][PASSED] - setText: Text '1234' is set on object 'Object Repository/carRegistration/Page_ParkIN  home/input_registerInput'

2018-05-22 03:14:56 - [MESSAGE][PASSED] - Text '1234' is set on object 'Object Repository/carRegistration/Page_ParkIN  home/input_registerInput'

2018-05-22 03:14:56 - [TEST_STEP][PASSED] - click: Object: 'Object Repository/carRegistration/Page_ParkIN  home/button_Register new car' is clicked on

2018-05-22 03:14:57 - [MESSAGE][PASSED] - Object: 'Object Repository/carRegistration/Page_ParkIN  home/button_Register new car' is clicked on

2018-05-22 03:14:57 - [TEST_STEP][PASSED] - click: Object: 'Object Repository/carRegistration/Page_ParkIN  home/span_Car registration successf' is clicked on

2018-05-22 03:14:57 - [MESSAGE][PASSED] - Object: 'Object Repository/carRegistration/Page_ParkIN  home/span_Car registration successf' is clicked on

2018-05-22 03:14:57 - [TEST_STEP][PASSED] - closeBrowser: Browser is closed

2018-05-22 03:14:57 - [MESSAGE][PASSED] - Browser is closed]]></system-out>
         <system-err><![CDATA[]]></system-err>
      </testcase>
      <testcase name="Test Cases/givenStartingPageShouldBeAbleToRegisterCarAndReleaseIt" classname="Test Cases/givenStartingPageShouldBeAbleToRegisterCarAndReleaseIt" status="FAILED">
         <failure type="FAILED" message="Unable to click on object 'Object Repository/registeringThenReleasingACar/Page_ParkIN  home/button_Release' (Root cause: org.openqa.selenium.ElementNotVisibleException: element not visible
  (Session info: chrome=66.0.3359.181)
  (Driver info: chromedriver=2.35.528161 (5b82f2d2aae0ca24b877009200ced9065a772e73),platform=Windows NT 10.0.17134 x86_64) (WARNING: The server did not provide any stacktrace information)
Command duration or timeout: 0 milliseconds
Build info: version: '3.7.1', revision: '8a0099a', time: '2017-11-06T21:07:36.161Z'
System info: host: 'DESKTOP-LU4TFM4', ip: '192.168.0.13', os.name: 'Windows 10', os.arch: 'amd64', os.version: '10.0', java.version: '1.8.0_102'
Driver info: com.kms.katalon.selenium.driver.CChromeDriver
Capabilities {acceptInsecureCerts: false, acceptSslCerts: false, applicationCacheEnabled: false, browserConnectionEnabled: false, browserName: chrome, chrome: {chromedriverVersion: 2.35.528161 (5b82f2d2aae0ca..., userDataDir: C:\Users\Mikolaj\AppData\Lo...}, cssSelectorsEnabled: true, databaseEnabled: false, handlesAlerts: true, hasTouchScreen: false, javascriptEnabled: true, locationContextEnabled: true, mobileEmulationEnabled: false, nativeEvents: true, networkConnectionEnabled: false, pageLoadStrategy: normal, platform: XP, platformName: XP, rotatable: false, setWindowRect: true, takesHeapSnapshot: true, takesScreenshot: true, unexpectedAlertBehaviour: , unhandledPromptBehavior: , version: 66.0.3359.181, webStorageEnabled: true}
Session ID: cb9e26ede1b773412cd7444173f41592)"/>
         <system-out><![CDATA[2018-05-22 03:14:57 - [TEST_CASE][FAILED] - Test Cases/givenStartingPageShouldBeAbleToRegisterCarAndReleaseIt: Test Cases/givenStartingPageShouldBeAbleToRegisterCarAndReleaseIt FAILED because (of) Unable to click on object 'Object Repository/registeringThenReleasingACar/Page_ParkIN  home/button_Release' (Root cause: org.openqa.selenium.ElementNotVisibleException: element not visible
  (Session info: chrome=66.0.3359.181)
  (Driver info: chromedriver=2.35.528161 (5b82f2d2aae0ca24b877009200ced9065a772e73),platform=Windows NT 10.0.17134 x86_64) (WARNING: The server did not provide any stacktrace information)
Command duration or timeout: 0 milliseconds
Build info: version: '3.7.1', revision: '8a0099a', time: '2017-11-06T21:07:36.161Z'
System info: host: 'DESKTOP-LU4TFM4', ip: '192.168.0.13', os.name: 'Windows 10', os.arch: 'amd64', os.version: '10.0', java.version: '1.8.0_102'
Driver info: com.kms.katalon.selenium.driver.CChromeDriver
Capabilities {acceptInsecureCerts: false, acceptSslCerts: false, applicationCacheEnabled: false, browserConnectionEnabled: false, browserName: chrome, chrome: {chromedriverVersion: 2.35.528161 (5b82f2d2aae0ca..., userDataDir: C:\Users\Mikolaj\AppData\Lo...}, cssSelectorsEnabled: true, databaseEnabled: false, handlesAlerts: true, hasTouchScreen: false, javascriptEnabled: true, locationContextEnabled: true, mobileEmulationEnabled: false, nativeEvents: true, networkConnectionEnabled: false, pageLoadStrategy: normal, platform: XP, platformName: XP, rotatable: false, setWindowRect: true, takesHeapSnapshot: true, takesScreenshot: true, unexpectedAlertBehaviour: , unhandledPromptBehavior: , version: 66.0.3359.181, webStorageEnabled: true}
Session ID: cb9e26ede1b773412cd7444173f41592)

2018-05-22 03:14:58 - [TEST_STEP][PASSED] - openBrowser: Browser is opened with url: ''

2018-05-22 03:15:00 - [MESSAGE][PASSED] - Browser is opened with url: ''

2018-05-22 03:15:00 - [TEST_STEP][PASSED] - navigateToUrl: Navigate to 'http://localhost:8080/' successfully

2018-05-22 03:15:00 - [MESSAGE][PASSED] - Navigate to 'http://localhost:8080/' successfully

2018-05-22 03:15:00 - [TEST_STEP][PASSED] - setText: Text '1234' is set on object 'Object Repository/registeringThenReleasingACar/Page_ParkIN  home/input_registerInput'

2018-05-22 03:15:00 - [MESSAGE][PASSED] - Text '1234' is set on object 'Object Repository/registeringThenReleasingACar/Page_ParkIN  home/input_registerInput'

2018-05-22 03:15:00 - [TEST_STEP][PASSED] - click: Object: 'Object Repository/registeringThenReleasingACar/Page_ParkIN  home/button_Register new car' is clicked on

2018-05-22 03:15:00 - [MESSAGE][PASSED] - Object: 'Object Repository/registeringThenReleasingACar/Page_ParkIN  home/button_Register new car' is clicked on

2018-05-22 03:15:00 - [TEST_STEP][PASSED] - setText: Text '1234' is set on object 'Object Repository/registeringThenReleasingACar/Page_ParkIN  home/input_checkoutInput'

2018-05-22 03:15:00 - [MESSAGE][PASSED] - Text '1234' is set on object 'Object Repository/registeringThenReleasingACar/Page_ParkIN  home/input_checkoutInput'

2018-05-22 03:15:00 - [TEST_STEP][PASSED] - click: Object: 'Object Repository/registeringThenReleasingACar/Page_ParkIN  home/button_Checkout' is clicked on

2018-05-22 03:15:01 - [MESSAGE][PASSED] - Object: 'Object Repository/registeringThenReleasingACar/Page_ParkIN  home/button_Checkout' is clicked on

2018-05-22 03:15:01 - [TEST_STEP][FAILED] - click: Unable to click on object 'Object Repository/registeringThenReleasingACar/Page_ParkIN  home/button_Release' (Root cause: org.openqa.selenium.ElementNotVisibleException: element not visible
  (Session info: chrome=66.0.3359.181)
  (Driver info: chromedriver=2.35.528161 (5b82f2d2aae0ca24b877009200ced9065a772e73),platform=Windows NT 10.0.17134 x86_64) (WARNING: The server did not provide any stacktrace information)
Command duration or timeout: 0 milliseconds
Build info: version: '3.7.1', revision: '8a0099a', time: '2017-11-06T21:07:36.161Z'
System info: host: 'DESKTOP-LU4TFM4', ip: '192.168.0.13', os.name: 'Windows 10', os.arch: 'amd64', os.version: '10.0', java.version: '1.8.0_102'
Driver info: com.kms.katalon.selenium.driver.CChromeDriver
Capabilities {acceptInsecureCerts: false, acceptSslCerts: false, applicationCacheEnabled: false, browserConnectionEnabled: false, browserName: chrome, chrome: {chromedriverVersion: 2.35.528161 (5b82f2d2aae0ca..., userDataDir: C:\Users\Mikolaj\AppData\Lo...}, cssSelectorsEnabled: true, databaseEnabled: false, handlesAlerts: true, hasTouchScreen: false, javascriptEnabled: true, locationContextEnabled: true, mobileEmulationEnabled: false, nativeEvents: true, networkConnectionEnabled: false, pageLoadStrategy: normal, platform: XP, platformName: XP, rotatable: false, setWindowRect: true, takesHeapSnapshot: true, takesScreenshot: true, unexpectedAlertBehaviour: , unhandledPromptBehavior: , version: 66.0.3359.181, webStorageEnabled: true}
Session ID: cb9e26ede1b773412cd7444173f41592)

2018-05-22 03:15:01 - [MESSAGE][FAILED] - Unable to click on object 'Object Repository/registeringThenReleasingACar/Page_ParkIN  home/button_Release' (Root cause: org.openqa.selenium.ElementNotVisibleException: element not visible
  (Session info: chrome=66.0.3359.181)
  (Driver info: chromedriver=2.35.528161 (5b82f2d2aae0ca24b877009200ced9065a772e73),platform=Windows NT 10.0.17134 x86_64) (WARNING: The server did not provide any stacktrace information)
Command duration or timeout: 0 milliseconds
Build info: version: '3.7.1', revision: '8a0099a', time: '2017-11-06T21:07:36.161Z'
System info: host: 'DESKTOP-LU4TFM4', ip: '192.168.0.13', os.name: 'Windows 10', os.arch: 'amd64', os.version: '10.0', java.version: '1.8.0_102'
Driver info: com.kms.katalon.selenium.driver.CChromeDriver
Capabilities {acceptInsecureCerts: false, acceptSslCerts: false, applicationCacheEnabled: false, browserConnectionEnabled: false, browserName: chrome, chrome: {chromedriverVersion: 2.35.528161 (5b82f2d2aae0ca..., userDataDir: C:\Users\Mikolaj\AppData\Lo...}, cssSelectorsEnabled: true, databaseEnabled: false, handlesAlerts: true, hasTouchScreen: false, javascriptEnabled: true, locationContextEnabled: true, mobileEmulationEnabled: false, nativeEvents: true, networkConnectionEnabled: false, pageLoadStrategy: normal, platform: XP, platformName: XP, rotatable: false, setWindowRect: true, takesHeapSnapshot: true, takesScreenshot: true, unexpectedAlertBehaviour: , unhandledPromptBehavior: , version: 66.0.3359.181, webStorageEnabled: true}
Session ID: cb9e26ede1b773412cd7444173f41592)
[[ATTACHMENT|C:\\Users\\Mikolaj\\Katalon Studio\\parkinTests\\Reports\\Parkin\\20180522_031442\\1526951701100.png]]]]></system-out>
         <system-err><![CDATA[2018-05-22 03:14:57 - [TEST_CASE][FAILED] - Test Cases/givenStartingPageShouldBeAbleToRegisterCarAndReleaseIt: Test Cases/givenStartingPageShouldBeAbleToRegisterCarAndReleaseIt FAILED because (of) Unable to click on object 'Object Repository/registeringThenReleasingACar/Page_ParkIN  home/button_Release' (Root cause: org.openqa.selenium.ElementNotVisibleException: element not visible
  (Session info: chrome=66.0.3359.181)
  (Driver info: chromedriver=2.35.528161 (5b82f2d2aae0ca24b877009200ced9065a772e73),platform=Windows NT 10.0.17134 x86_64) (WARNING: The server did not provide any stacktrace information)
Command duration or timeout: 0 milliseconds
Build info: version: '3.7.1', revision: '8a0099a', time: '2017-11-06T21:07:36.161Z'
System info: host: 'DESKTOP-LU4TFM4', ip: '192.168.0.13', os.name: 'Windows 10', os.arch: 'amd64', os.version: '10.0', java.version: '1.8.0_102'
Driver info: com.kms.katalon.selenium.driver.CChromeDriver
Capabilities {acceptInsecureCerts: false, acceptSslCerts: false, applicationCacheEnabled: false, browserConnectionEnabled: false, browserName: chrome, chrome: {chromedriverVersion: 2.35.528161 (5b82f2d2aae0ca..., userDataDir: C:\Users\Mikolaj\AppData\Lo...}, cssSelectorsEnabled: true, databaseEnabled: false, handlesAlerts: true, hasTouchScreen: false, javascriptEnabled: true, locationContextEnabled: true, mobileEmulationEnabled: false, nativeEvents: true, networkConnectionEnabled: false, pageLoadStrategy: normal, platform: XP, platformName: XP, rotatable: false, setWindowRect: true, takesHeapSnapshot: true, takesScreenshot: true, unexpectedAlertBehaviour: , unhandledPromptBehavior: , version: 66.0.3359.181, webStorageEnabled: true}
Session ID: cb9e26ede1b773412cd7444173f41592)]]></system-err>
      </testcase>
      <testcase name="Test Cases/givenStartingPageShouldSeeErrorAfterTryingToReleaseSameCarTwice" classname="Test Cases/givenStartingPageShouldSeeErrorAfterTryingToReleaseSameCarTwice" status="PASSED">
         <system-out><![CDATA[2018-05-22 03:15:01 - [TEST_CASE][PASSED] - Test Cases/givenStartingPageShouldSeeErrorAfterTryingToReleaseSameCarTwice: Test Cases/givenStartingPageShouldSeeErrorAfterTryingToReleaseSameCarTwice

2018-05-22 03:15:01 - [TEST_STEP][PASSED] - openBrowser: Browser is opened with url: ''

2018-05-22 03:15:01 - [MESSAGE][WARNING] - A browser is already opened. Closing browser and opening a new one

2018-05-22 03:15:04 - [MESSAGE][PASSED] - Browser is opened with url: ''

2018-05-22 03:15:04 - [TEST_STEP][PASSED] - navigateToUrl: Navigate to 'http://localhost:8080/' successfully

2018-05-22 03:15:04 - [MESSAGE][PASSED] - Navigate to 'http://localhost:8080/' successfully

2018-05-22 03:15:04 - [TEST_STEP][PASSED] - setText: Text '21' is set on object 'Object Repository/badRelease/Page_ParkIN  home/input_registerInput'

2018-05-22 03:15:05 - [MESSAGE][PASSED] - Text '21' is set on object 'Object Repository/badRelease/Page_ParkIN  home/input_registerInput'

2018-05-22 03:15:05 - [TEST_STEP][PASSED] - click: Object: 'Object Repository/badRelease/Page_ParkIN  home/button_Register new car' is clicked on

2018-05-22 03:15:05 - [MESSAGE][PASSED] - Object: 'Object Repository/badRelease/Page_ParkIN  home/button_Register new car' is clicked on

2018-05-22 03:15:05 - [TEST_STEP][PASSED] - setText: Text '21' is set on object 'Object Repository/badRelease/Page_ParkIN  home/input_checkoutInput'

2018-05-22 03:15:05 - [MESSAGE][PASSED] - Text '21' is set on object 'Object Repository/badRelease/Page_ParkIN  home/input_checkoutInput'

2018-05-22 03:15:05 - [TEST_STEP][PASSED] - click: Object: 'Object Repository/badRelease/Page_ParkIN  home/button_Checkout' is clicked on

2018-05-22 03:15:05 - [MESSAGE][PASSED] - Object: 'Object Repository/badRelease/Page_ParkIN  home/button_Checkout' is clicked on

2018-05-22 03:15:05 - [TEST_STEP][PASSED] - delay: Delayed 1 second(s)

2018-05-22 03:15:06 - [MESSAGE][PASSED] - Delayed 1 second(s)

2018-05-22 03:15:06 - [TEST_STEP][PASSED] - click: Object: 'Object Repository/badRelease/Page_ParkIN  home/button_Release' is clicked on

2018-05-22 03:15:06 - [MESSAGE][PASSED] - Object: 'Object Repository/badRelease/Page_ParkIN  home/button_Release' is clicked on

2018-05-22 03:15:06 - [TEST_STEP][PASSED] - delay: Delayed 1 second(s)

2018-05-22 03:15:07 - [MESSAGE][PASSED] - Delayed 1 second(s)

2018-05-22 03:15:07 - [TEST_STEP][PASSED] - setText: Text '21' is set on object 'Object Repository/badRelease/Page_ParkIN  home/input_checkoutInput'

2018-05-22 03:15:07 - [MESSAGE][PASSED] - Text '21' is set on object 'Object Repository/badRelease/Page_ParkIN  home/input_checkoutInput'

2018-05-22 03:15:07 - [TEST_STEP][PASSED] - click: Object: 'Object Repository/badRelease/Page_ParkIN  home/button_Checkout' is clicked on

2018-05-22 03:15:07 - [MESSAGE][PASSED] - Object: 'Object Repository/badRelease/Page_ParkIN  home/button_Checkout' is clicked on

2018-05-22 03:15:07 - [TEST_STEP][PASSED] - click: Object: 'Object Repository/badRelease/Page_ParkIN  home/div_Invalid registration plate' is clicked on

2018-05-22 03:15:07 - [MESSAGE][PASSED] - Object: 'Object Repository/badRelease/Page_ParkIN  home/div_Invalid registration plate' is clicked on

2018-05-22 03:15:07 - [TEST_STEP][PASSED] - closeBrowser: Browser is closed

2018-05-22 03:15:08 - [MESSAGE][PASSED] - Browser is closed]]></system-out>
         <system-err><![CDATA[]]></system-err>
      </testcase>
      <testcase name="Test Cases/givenStartingPageShouldSeeFullBannerAfterTryingToRegisterTooManyCars" classname="Test Cases/givenStartingPageShouldSeeFullBannerAfterTryingToRegisterTooManyCars" status="PASSED">
         <system-out><![CDATA[2018-05-22 03:15:08 - [TEST_CASE][PASSED] - Test Cases/givenStartingPageShouldSeeFullBannerAfterTryingToRegisterTooManyCars: Test Cases/givenStartingPageShouldSeeFullBannerAfterTryingToRegisterTooManyCars

2018-05-22 03:15:08 - [TEST_STEP][PASSED] - openBrowser: Browser is opened with url: ''

2018-05-22 03:15:10 - [MESSAGE][PASSED] - Browser is opened with url: ''

2018-05-22 03:15:10 - [TEST_STEP][PASSED] - navigateToUrl: Navigate to 'http://localhost:8080/' successfully

2018-05-22 03:15:10 - [MESSAGE][PASSED] - Navigate to 'http://localhost:8080/' successfully

2018-05-22 03:15:10 - [TEST_STEP][PASSED] - Statement - For (def index : (0..21)): Object: 'Object Repository/registeringTooManyCars/Page_ParkIN  home/button_Register new car' is clicked on

2018-05-22 03:15:10 - [TEST_STEP][PASSED] - Statement - If (com.kms.katalon.core.testobject.ObjectRepository.findTestObject(Object Repository/registeringTooManyCars/Page_ParkIN  home/span_Full)): Object: 'Object Repository/registeringTooManyCars/Page_ParkIN  home/button_Register new car' is clicked on

2018-05-22 03:15:10 - [TEST_STEP][PASSED] - setText: Text '0' is set on object 'Object Repository/registeringTooManyCars/Page_ParkIN  home/input_registerInput'

2018-05-22 03:15:11 - [MESSAGE][PASSED] - Text '0' is set on object 'Object Repository/registeringTooManyCars/Page_ParkIN  home/input_registerInput'

2018-05-22 03:15:11 - [TEST_STEP][PASSED] - click: Object: 'Object Repository/registeringTooManyCars/Page_ParkIN  home/button_Register new car' is clicked on

2018-05-22 03:15:11 - [MESSAGE][PASSED] - Object: 'Object Repository/registeringTooManyCars/Page_ParkIN  home/button_Register new car' is clicked on

2018-05-22 03:15:11 - [TEST_STEP][PASSED] - Statement - If (com.kms.katalon.core.testobject.ObjectRepository.findTestObject(Object Repository/registeringTooManyCars/Page_ParkIN  home/span_Full)): Object: 'Object Repository/registeringTooManyCars/Page_ParkIN  home/button_Register new car' is clicked on

2018-05-22 03:15:11 - [TEST_STEP][PASSED] - setText: Text '1' is set on object 'Object Repository/registeringTooManyCars/Page_ParkIN  home/input_registerInput'

2018-05-22 03:15:11 - [MESSAGE][PASSED] - Text '1' is set on object 'Object Repository/registeringTooManyCars/Page_ParkIN  home/input_registerInput'

2018-05-22 03:15:11 - [TEST_STEP][PASSED] - click: Object: 'Object Repository/registeringTooManyCars/Page_ParkIN  home/button_Register new car' is clicked on

2018-05-22 03:15:11 - [MESSAGE][PASSED] - Object: 'Object Repository/registeringTooManyCars/Page_ParkIN  home/button_Register new car' is clicked on

2018-05-22 03:15:11 - [TEST_STEP][PASSED] - Statement - If (com.kms.katalon.core.testobject.ObjectRepository.findTestObject(Object Repository/registeringTooManyCars/Page_ParkIN  home/span_Full)): Object: 'Object Repository/registeringTooManyCars/Page_ParkIN  home/button_Register new car' is clicked on

2018-05-22 03:15:11 - [TEST_STEP][PASSED] - setText: Text '2' is set on object 'Object Repository/registeringTooManyCars/Page_ParkIN  home/input_registerInput'

2018-05-22 03:15:11 - [MESSAGE][PASSED] - Text '2' is set on object 'Object Repository/registeringTooManyCars/Page_ParkIN  home/input_registerInput'

2018-05-22 03:15:11 - [TEST_STEP][PASSED] - click: Object: 'Object Repository/registeringTooManyCars/Page_ParkIN  home/button_Register new car' is clicked on

2018-05-22 03:15:11 - [MESSAGE][PASSED] - Object: 'Object Repository/registeringTooManyCars/Page_ParkIN  home/button_Register new car' is clicked on

2018-05-22 03:15:11 - [TEST_STEP][PASSED] - Statement - If (com.kms.katalon.core.testobject.ObjectRepository.findTestObject(Object Repository/registeringTooManyCars/Page_ParkIN  home/span_Full)): Object: 'Object Repository/registeringTooManyCars/Page_ParkIN  home/button_Register new car' is clicked on

2018-05-22 03:15:11 - [TEST_STEP][PASSED] - setText: Text '3' is set on object 'Object Repository/registeringTooManyCars/Page_ParkIN  home/input_registerInput'

2018-05-22 03:15:11 - [MESSAGE][PASSED] - Text '3' is set on object 'Object Repository/registeringTooManyCars/Page_ParkIN  home/input_registerInput'

2018-05-22 03:15:11 - [TEST_STEP][PASSED] - click: Object: 'Object Repository/registeringTooManyCars/Page_ParkIN  home/button_Register new car' is clicked on

2018-05-22 03:15:11 - [MESSAGE][PASSED] - Object: 'Object Repository/registeringTooManyCars/Page_ParkIN  home/button_Register new car' is clicked on

2018-05-22 03:15:11 - [TEST_STEP][PASSED] - Statement - If (com.kms.katalon.core.testobject.ObjectRepository.findTestObject(Object Repository/registeringTooManyCars/Page_ParkIN  home/span_Full)): Object: 'Object Repository/registeringTooManyCars/Page_ParkIN  home/button_Register new car' is clicked on

2018-05-22 03:15:11 - [TEST_STEP][PASSED] - setText: Text '4' is set on object 'Object Repository/registeringTooManyCars/Page_ParkIN  home/input_registerInput'

2018-05-22 03:15:11 - [MESSAGE][PASSED] - Text '4' is set on object 'Object Repository/registeringTooManyCars/Page_ParkIN  home/input_registerInput'

2018-05-22 03:15:11 - [TEST_STEP][PASSED] - click: Object: 'Object Repository/registeringTooManyCars/Page_ParkIN  home/button_Register new car' is clicked on

2018-05-22 03:15:11 - [MESSAGE][PASSED] - Object: 'Object Repository/registeringTooManyCars/Page_ParkIN  home/button_Register new car' is clicked on

2018-05-22 03:15:11 - [TEST_STEP][PASSED] - Statement - If (com.kms.katalon.core.testobject.ObjectRepository.findTestObject(Object Repository/registeringTooManyCars/Page_ParkIN  home/span_Full)): Object: 'Object Repository/registeringTooManyCars/Page_ParkIN  home/button_Register new car' is clicked on

2018-05-22 03:15:11 - [TEST_STEP][PASSED] - setText: Text '5' is set on object 'Object Repository/registeringTooManyCars/Page_ParkIN  home/input_registerInput'

2018-05-22 03:15:11 - [MESSAGE][PASSED] - Text '5' is set on object 'Object Repository/registeringTooManyCars/Page_ParkIN  home/input_registerInput'

2018-05-22 03:15:11 - [TEST_STEP][PASSED] - click: Object: 'Object Repository/registeringTooManyCars/Page_ParkIN  home/button_Register new car' is clicked on

2018-05-22 03:15:11 - [MESSAGE][PASSED] - Object: 'Object Repository/registeringTooManyCars/Page_ParkIN  home/button_Register new car' is clicked on

2018-05-22 03:15:11 - [TEST_STEP][PASSED] - Statement - If (com.kms.katalon.core.testobject.ObjectRepository.findTestObject(Object Repository/registeringTooManyCars/Page_ParkIN  home/span_Full)): Object: 'Object Repository/registeringTooManyCars/Page_ParkIN  home/button_Register new car' is clicked on

2018-05-22 03:15:11 - [TEST_STEP][PASSED] - setText: Text '6' is set on object 'Object Repository/registeringTooManyCars/Page_ParkIN  home/input_registerInput'

2018-05-22 03:15:11 - [MESSAGE][PASSED] - Text '6' is set on object 'Object Repository/registeringTooManyCars/Page_ParkIN  home/input_registerInput'

2018-05-22 03:15:11 - [TEST_STEP][PASSED] - click: Object: 'Object Repository/registeringTooManyCars/Page_ParkIN  home/button_Register new car' is clicked on

2018-05-22 03:15:12 - [MESSAGE][PASSED] - Object: 'Object Repository/registeringTooManyCars/Page_ParkIN  home/button_Register new car' is clicked on

2018-05-22 03:15:12 - [TEST_STEP][PASSED] - Statement - If (com.kms.katalon.core.testobject.ObjectRepository.findTestObject(Object Repository/registeringTooManyCars/Page_ParkIN  home/span_Full)): Object: 'Object Repository/registeringTooManyCars/Page_ParkIN  home/button_Register new car' is clicked on

2018-05-22 03:15:12 - [TEST_STEP][PASSED] - setText: Text '7' is set on object 'Object Repository/registeringTooManyCars/Page_ParkIN  home/input_registerInput'

2018-05-22 03:15:12 - [MESSAGE][PASSED] - Text '7' is set on object 'Object Repository/registeringTooManyCars/Page_ParkIN  home/input_registerInput'

2018-05-22 03:15:12 - [TEST_STEP][PASSED] - click: Object: 'Object Repository/registeringTooManyCars/Page_ParkIN  home/button_Register new car' is clicked on

2018-05-22 03:15:12 - [MESSAGE][PASSED] - Object: 'Object Repository/registeringTooManyCars/Page_ParkIN  home/button_Register new car' is clicked on

2018-05-22 03:15:12 - [TEST_STEP][PASSED] - Statement - If (com.kms.katalon.core.testobject.ObjectRepository.findTestObject(Object Repository/registeringTooManyCars/Page_ParkIN  home/span_Full)): Object: 'Object Repository/registeringTooManyCars/Page_ParkIN  home/button_Register new car' is clicked on

2018-05-22 03:15:12 - [TEST_STEP][PASSED] - setText: Text '8' is set on object 'Object Repository/registeringTooManyCars/Page_ParkIN  home/input_registerInput'

2018-05-22 03:15:12 - [MESSAGE][PASSED] - Text '8' is set on object 'Object Repository/registeringTooManyCars/Page_ParkIN  home/input_registerInput'

2018-05-22 03:15:12 - [TEST_STEP][PASSED] - click: Object: 'Object Repository/registeringTooManyCars/Page_ParkIN  home/button_Register new car' is clicked on

2018-05-22 03:15:12 - [MESSAGE][PASSED] - Object: 'Object Repository/registeringTooManyCars/Page_ParkIN  home/button_Register new car' is clicked on

2018-05-22 03:15:12 - [TEST_STEP][PASSED] - Statement - If (com.kms.katalon.core.testobject.ObjectRepository.findTestObject(Object Repository/registeringTooManyCars/Page_ParkIN  home/span_Full)): Object: 'Object Repository/registeringTooManyCars/Page_ParkIN  home/button_Register new car' is clicked on

2018-05-22 03:15:12 - [TEST_STEP][PASSED] - setText: Text '9' is set on object 'Object Repository/registeringTooManyCars/Page_ParkIN  home/input_registerInput'

2018-05-22 03:15:12 - [MESSAGE][PASSED] - Text '9' is set on object 'Object Repository/registeringTooManyCars/Page_ParkIN  home/input_registerInput'

2018-05-22 03:15:12 - [TEST_STEP][PASSED] - click: Object: 'Object Repository/registeringTooManyCars/Page_ParkIN  home/button_Register new car' is clicked on

2018-05-22 03:15:12 - [MESSAGE][PASSED] - Object: 'Object Repository/registeringTooManyCars/Page_ParkIN  home/button_Register new car' is clicked on

2018-05-22 03:15:12 - [TEST_STEP][PASSED] - Statement - If (com.kms.katalon.core.testobject.ObjectRepository.findTestObject(Object Repository/registeringTooManyCars/Page_ParkIN  home/span_Full)): Object: 'Object Repository/registeringTooManyCars/Page_ParkIN  home/button_Register new car' is clicked on

2018-05-22 03:15:12 - [TEST_STEP][PASSED] - setText: Text '10' is set on object 'Object Repository/registeringTooManyCars/Page_ParkIN  home/input_registerInput'

2018-05-22 03:15:12 - [MESSAGE][PASSED] - Text '10' is set on object 'Object Repository/registeringTooManyCars/Page_ParkIN  home/input_registerInput'

2018-05-22 03:15:12 - [TEST_STEP][PASSED] - click: Object: 'Object Repository/registeringTooManyCars/Page_ParkIN  home/button_Register new car' is clicked on

2018-05-22 03:15:12 - [MESSAGE][PASSED] - Object: 'Object Repository/registeringTooManyCars/Page_ParkIN  home/button_Register new car' is clicked on

2018-05-22 03:15:12 - [TEST_STEP][PASSED] - Statement - If (com.kms.katalon.core.testobject.ObjectRepository.findTestObject(Object Repository/registeringTooManyCars/Page_ParkIN  home/span_Full)): Object: 'Object Repository/registeringTooManyCars/Page_ParkIN  home/button_Register new car' is clicked on

2018-05-22 03:15:12 - [TEST_STEP][PASSED] - setText: Text '11' is set on object 'Object Repository/registeringTooManyCars/Page_ParkIN  home/input_registerInput'

2018-05-22 03:15:12 - [MESSAGE][PASSED] - Text '11' is set on object 'Object Repository/registeringTooManyCars/Page_ParkIN  home/input_registerInput'

2018-05-22 03:15:12 - [TEST_STEP][PASSED] - click: Object: 'Object Repository/registeringTooManyCars/Page_ParkIN  home/button_Register new car' is clicked on

2018-05-22 03:15:12 - [MESSAGE][PASSED] - Object: 'Object Repository/registeringTooManyCars/Page_ParkIN  home/button_Register new car' is clicked on

2018-05-22 03:15:12 - [TEST_STEP][PASSED] - Statement - If (com.kms.katalon.core.testobject.ObjectRepository.findTestObject(Object Repository/registeringTooManyCars/Page_ParkIN  home/span_Full)): Object: 'Object Repository/registeringTooManyCars/Page_ParkIN  home/button_Register new car' is clicked on

2018-05-22 03:15:12 - [TEST_STEP][PASSED] - setText: Text '12' is set on object 'Object Repository/registeringTooManyCars/Page_ParkIN  home/input_registerInput'

2018-05-22 03:15:12 - [MESSAGE][PASSED] - Text '12' is set on object 'Object Repository/registeringTooManyCars/Page_ParkIN  home/input_registerInput'

2018-05-22 03:15:12 - [TEST_STEP][PASSED] - click: Object: 'Object Repository/registeringTooManyCars/Page_ParkIN  home/button_Register new car' is clicked on

2018-05-22 03:15:12 - [MESSAGE][PASSED] - Object: 'Object Repository/registeringTooManyCars/Page_ParkIN  home/button_Register new car' is clicked on

2018-05-22 03:15:12 - [TEST_STEP][PASSED] - Statement - If (com.kms.katalon.core.testobject.ObjectRepository.findTestObject(Object Repository/registeringTooManyCars/Page_ParkIN  home/span_Full)): Object: 'Object Repository/registeringTooManyCars/Page_ParkIN  home/button_Register new car' is clicked on

2018-05-22 03:15:12 - [TEST_STEP][PASSED] - setText: Text '13' is set on object 'Object Repository/registeringTooManyCars/Page_ParkIN  home/input_registerInput'

2018-05-22 03:15:12 - [MESSAGE][PASSED] - Text '13' is set on object 'Object Repository/registeringTooManyCars/Page_ParkIN  home/input_registerInput'

2018-05-22 03:15:12 - [TEST_STEP][PASSED] - click: Object: 'Object Repository/registeringTooManyCars/Page_ParkIN  home/button_Register new car' is clicked on

2018-05-22 03:15:12 - [MESSAGE][PASSED] - Object: 'Object Repository/registeringTooManyCars/Page_ParkIN  home/button_Register new car' is clicked on

2018-05-22 03:15:12 - [TEST_STEP][PASSED] - Statement - If (com.kms.katalon.core.testobject.ObjectRepository.findTestObject(Object Repository/registeringTooManyCars/Page_ParkIN  home/span_Full)): Object: 'Object Repository/registeringTooManyCars/Page_ParkIN  home/button_Register new car' is clicked on

2018-05-22 03:15:12 - [TEST_STEP][PASSED] - setText: Text '14' is set on object 'Object Repository/registeringTooManyCars/Page_ParkIN  home/input_registerInput'

2018-05-22 03:15:12 - [MESSAGE][PASSED] - Text '14' is set on object 'Object Repository/registeringTooManyCars/Page_ParkIN  home/input_registerInput'

2018-05-22 03:15:12 - [TEST_STEP][PASSED] - click: Object: 'Object Repository/registeringTooManyCars/Page_ParkIN  home/button_Register new car' is clicked on

2018-05-22 03:15:12 - [MESSAGE][PASSED] - Object: 'Object Repository/registeringTooManyCars/Page_ParkIN  home/button_Register new car' is clicked on

2018-05-22 03:15:12 - [TEST_STEP][PASSED] - Statement - If (com.kms.katalon.core.testobject.ObjectRepository.findTestObject(Object Repository/registeringTooManyCars/Page_ParkIN  home/span_Full)): Object: 'Object Repository/registeringTooManyCars/Page_ParkIN  home/button_Register new car' is clicked on

2018-05-22 03:15:12 - [TEST_STEP][PASSED] - setText: Text '15' is set on object 'Object Repository/registeringTooManyCars/Page_ParkIN  home/input_registerInput'

2018-05-22 03:15:12 - [MESSAGE][PASSED] - Text '15' is set on object 'Object Repository/registeringTooManyCars/Page_ParkIN  home/input_registerInput'

2018-05-22 03:15:12 - [TEST_STEP][PASSED] - click: Object: 'Object Repository/registeringTooManyCars/Page_ParkIN  home/button_Register new car' is clicked on

2018-05-22 03:15:12 - [MESSAGE][PASSED] - Object: 'Object Repository/registeringTooManyCars/Page_ParkIN  home/button_Register new car' is clicked on

2018-05-22 03:15:12 - [TEST_STEP][PASSED] - Statement - If (com.kms.katalon.core.testobject.ObjectRepository.findTestObject(Object Repository/registeringTooManyCars/Page_ParkIN  home/span_Full)): Object: 'Object Repository/registeringTooManyCars/Page_ParkIN  home/button_Register new car' is clicked on

2018-05-22 03:15:12 - [TEST_STEP][PASSED] - setText: Text '16' is set on object 'Object Repository/registeringTooManyCars/Page_ParkIN  home/input_registerInput'

2018-05-22 03:15:13 - [MESSAGE][PASSED] - Text '16' is set on object 'Object Repository/registeringTooManyCars/Page_ParkIN  home/input_registerInput'

2018-05-22 03:15:13 - [TEST_STEP][PASSED] - click: Object: 'Object Repository/registeringTooManyCars/Page_ParkIN  home/button_Register new car' is clicked on

2018-05-22 03:15:13 - [MESSAGE][PASSED] - Object: 'Object Repository/registeringTooManyCars/Page_ParkIN  home/button_Register new car' is clicked on

2018-05-22 03:15:13 - [TEST_STEP][PASSED] - Statement - If (com.kms.katalon.core.testobject.ObjectRepository.findTestObject(Object Repository/registeringTooManyCars/Page_ParkIN  home/span_Full)): Object: 'Object Repository/registeringTooManyCars/Page_ParkIN  home/button_Register new car' is clicked on

2018-05-22 03:15:13 - [TEST_STEP][PASSED] - setText: Text '17' is set on object 'Object Repository/registeringTooManyCars/Page_ParkIN  home/input_registerInput'

2018-05-22 03:15:13 - [MESSAGE][PASSED] - Text '17' is set on object 'Object Repository/registeringTooManyCars/Page_ParkIN  home/input_registerInput'

2018-05-22 03:15:13 - [TEST_STEP][PASSED] - click: Object: 'Object Repository/registeringTooManyCars/Page_ParkIN  home/button_Register new car' is clicked on

2018-05-22 03:15:13 - [MESSAGE][PASSED] - Object: 'Object Repository/registeringTooManyCars/Page_ParkIN  home/button_Register new car' is clicked on

2018-05-22 03:15:13 - [TEST_STEP][PASSED] - Statement - If (com.kms.katalon.core.testobject.ObjectRepository.findTestObject(Object Repository/registeringTooManyCars/Page_ParkIN  home/span_Full)): Object: 'Object Repository/registeringTooManyCars/Page_ParkIN  home/button_Register new car' is clicked on

2018-05-22 03:15:13 - [TEST_STEP][PASSED] - setText: Text '18' is set on object 'Object Repository/registeringTooManyCars/Page_ParkIN  home/input_registerInput'

2018-05-22 03:15:13 - [MESSAGE][PASSED] - Text '18' is set on object 'Object Repository/registeringTooManyCars/Page_ParkIN  home/input_registerInput'

2018-05-22 03:15:13 - [TEST_STEP][PASSED] - click: Object: 'Object Repository/registeringTooManyCars/Page_ParkIN  home/button_Register new car' is clicked on

2018-05-22 03:15:13 - [MESSAGE][PASSED] - Object: 'Object Repository/registeringTooManyCars/Page_ParkIN  home/button_Register new car' is clicked on

2018-05-22 03:15:13 - [TEST_STEP][PASSED] - Statement - If (com.kms.katalon.core.testobject.ObjectRepository.findTestObject(Object Repository/registeringTooManyCars/Page_ParkIN  home/span_Full)): Object: 'Object Repository/registeringTooManyCars/Page_ParkIN  home/button_Register new car' is clicked on

2018-05-22 03:15:13 - [TEST_STEP][PASSED] - setText: Text '19' is set on object 'Object Repository/registeringTooManyCars/Page_ParkIN  home/input_registerInput'

2018-05-22 03:15:13 - [MESSAGE][PASSED] - Text '19' is set on object 'Object Repository/registeringTooManyCars/Page_ParkIN  home/input_registerInput'

2018-05-22 03:15:13 - [TEST_STEP][PASSED] - click: Object: 'Object Repository/registeringTooManyCars/Page_ParkIN  home/button_Register new car' is clicked on

2018-05-22 03:15:13 - [MESSAGE][PASSED] - Object: 'Object Repository/registeringTooManyCars/Page_ParkIN  home/button_Register new car' is clicked on

2018-05-22 03:15:13 - [TEST_STEP][PASSED] - Statement - If (com.kms.katalon.core.testobject.ObjectRepository.findTestObject(Object Repository/registeringTooManyCars/Page_ParkIN  home/span_Full)): Object: 'Object Repository/registeringTooManyCars/Page_ParkIN  home/button_Register new car' is clicked on

2018-05-22 03:15:13 - [TEST_STEP][PASSED] - setText: Text '20' is set on object 'Object Repository/registeringTooManyCars/Page_ParkIN  home/input_registerInput'

2018-05-22 03:15:13 - [MESSAGE][PASSED] - Text '20' is set on object 'Object Repository/registeringTooManyCars/Page_ParkIN  home/input_registerInput'

2018-05-22 03:15:13 - [TEST_STEP][PASSED] - click: Object: 'Object Repository/registeringTooManyCars/Page_ParkIN  home/button_Register new car' is clicked on

2018-05-22 03:15:13 - [MESSAGE][PASSED] - Object: 'Object Repository/registeringTooManyCars/Page_ParkIN  home/button_Register new car' is clicked on

2018-05-22 03:15:13 - [TEST_STEP][PASSED] - Statement - If (com.kms.katalon.core.testobject.ObjectRepository.findTestObject(Object Repository/registeringTooManyCars/Page_ParkIN  home/span_Full)): Object: 'Object Repository/registeringTooManyCars/Page_ParkIN  home/button_Register new car' is clicked on

2018-05-22 03:15:13 - [TEST_STEP][PASSED] - setText: Text '21' is set on object 'Object Repository/registeringTooManyCars/Page_ParkIN  home/input_registerInput'

2018-05-22 03:15:13 - [MESSAGE][PASSED] - Text '21' is set on object 'Object Repository/registeringTooManyCars/Page_ParkIN  home/input_registerInput'

2018-05-22 03:15:13 - [TEST_STEP][PASSED] - click: Object: 'Object Repository/registeringTooManyCars/Page_ParkIN  home/button_Register new car' is clicked on

2018-05-22 03:15:13 - [MESSAGE][PASSED] - Object: 'Object Repository/registeringTooManyCars/Page_ParkIN  home/button_Register new car' is clicked on

2018-05-22 03:15:13 - [TEST_STEP][PASSED] - closeBrowser: Browser is closed

2018-05-22 03:15:14 - [MESSAGE][PASSED] - Browser is closed]]></system-out>
         <system-err><![CDATA[]]></system-err>
      </testcase>
      <system-out><![CDATA[2018-05-22 03:14:43 - [TEST_SUITE][FAILED] - Parkin: Test Cases/givenStartingPageShouldBeAbleToRegisterCarAndReleaseIt FAILED because (of) Unable to click on object 'Object Repository/registeringThenReleasingACar/Page_ParkIN  home/button_Release' (Root cause: org.openqa.selenium.ElementNotVisibleException: element not visible
  (Session info: chrome=66.0.3359.181)
  (Driver info: chromedriver=2.35.528161 (5b82f2d2aae0ca24b877009200ced9065a772e73),platform=Windows NT 10.0.17134 x86_64) (WARNING: The server did not provide any stacktrace information)
Command duration or timeout: 0 milliseconds
Build info: version: '3.7.1', revision: '8a0099a', time: '2017-11-06T21:07:36.161Z'
System info: host: 'DESKTOP-LU4TFM4', ip: '192.168.0.13', os.name: 'Windows 10', os.arch: 'amd64', os.version: '10.0', java.version: '1.8.0_102'
Driver info: com.kms.katalon.selenium.driver.CChromeDriver
Capabilities {acceptInsecureCerts: false, acceptSslCerts: false, applicationCacheEnabled: false, browserConnectionEnabled: false, browserName: chrome, chrome: {chromedriverVersion: 2.35.528161 (5b82f2d2aae0ca..., userDataDir: C:\Users\Mikolaj\AppData\Lo...}, cssSelectorsEnabled: true, databaseEnabled: false, handlesAlerts: true, hasTouchScreen: false, javascriptEnabled: true, locationContextEnabled: true, mobileEmulationEnabled: false, nativeEvents: true, networkConnectionEnabled: false, pageLoadStrategy: normal, platform: XP, platformName: XP, rotatable: false, setWindowRect: true, takesHeapSnapshot: true, takesScreenshot: true, unexpectedAlertBehaviour: , unhandledPromptBehavior: , version: 66.0.3359.181, webStorageEnabled: true}
Session ID: cb9e26ede1b773412cd7444173f41592)]]></system-out>
      <system-err><![CDATA[2018-05-22 03:14:43 - [TEST_SUITE][FAILED] - Parkin: Test Cases/givenStartingPageShouldBeAbleToRegisterCarAndReleaseIt FAILED because (of) Unable to click on object 'Object Repository/registeringThenReleasingACar/Page_ParkIN  home/button_Release' (Root cause: org.openqa.selenium.ElementNotVisibleException: element not visible
  (Session info: chrome=66.0.3359.181)
  (Driver info: chromedriver=2.35.528161 (5b82f2d2aae0ca24b877009200ced9065a772e73),platform=Windows NT 10.0.17134 x86_64) (WARNING: The server did not provide any stacktrace information)
Command duration or timeout: 0 milliseconds
Build info: version: '3.7.1', revision: '8a0099a', time: '2017-11-06T21:07:36.161Z'
System info: host: 'DESKTOP-LU4TFM4', ip: '192.168.0.13', os.name: 'Windows 10', os.arch: 'amd64', os.version: '10.0', java.version: '1.8.0_102'
Driver info: com.kms.katalon.selenium.driver.CChromeDriver
Capabilities {acceptInsecureCerts: false, acceptSslCerts: false, applicationCacheEnabled: false, browserConnectionEnabled: false, browserName: chrome, chrome: {chromedriverVersion: 2.35.528161 (5b82f2d2aae0ca..., userDataDir: C:\Users\Mikolaj\AppData\Lo...}, cssSelectorsEnabled: true, databaseEnabled: false, handlesAlerts: true, hasTouchScreen: false, javascriptEnabled: true, locationContextEnabled: true, mobileEmulationEnabled: false, nativeEvents: true, networkConnectionEnabled: false, pageLoadStrategy: normal, platform: XP, platformName: XP, rotatable: false, setWindowRect: true, takesHeapSnapshot: true, takesScreenshot: true, unexpectedAlertBehaviour: , unhandledPromptBehavior: , version: 66.0.3359.181, webStorageEnabled: true}
Session ID: cb9e26ede1b773412cd7444173f41592)]]></system-err>
   </testsuite>
</testsuites>
